<?xml version="1.0" encoding="UTF-8"?>
<!-- Generated by org.testng.reporters.JUnitXMLReporter -->
<testsuite ignored="1" hostname="Meghanas-MacBook-Air.local" failures="0" tests="6" name="car Loan" time="0.01" errors="0" timestamp="2024-12-22T22:53:15 IST">
  <testcase classname="test.Demo3" name="mobileLoginHomeLoan" time="0.0"/>
  <testcase classname="test.Demo3" name="mobileSigninHomeLoan" time="0.001"/>
  <testcase classname="test.Demo3" name="mobileSigninHomeLoan" time="0.0"/>
  <testcase classname="test.Demo3" name="mobileSigninHomeLoan" time="0.001"/>
  <testcase classname="test.Demo3" name="mobileSignoutHomeLoan" time="0.002"/>
  <testcase classname="test.Demo3" name="webLoginHomeLoan" time="0.0"/>
  <testcase classname="test.Demo3" name="apiLoginHomeLoan" time="0.0">
    <ignored/>
  </testcase> <!-- apiLoginHomeLoan -->
</testsuite> <!-- car Loan -->
