<?xml version="1.0" encoding="UTF-8"?>
<!-- Generated by org.testng.reporters.JUnitXMLReporter -->
<testsuite ignored="2" hostname="Meghanas-MacBook-Air.local" failures="0" tests="4" name="personal loan" time="0.016" errors="0" timestamp="2024-12-22T22:53:15 IST">
  <testcase classname="test.Demo1" name="example1" time="0.003"/>
  <testcase classname="test.Demo2" name="ploan" time="0.001"/>
  <testcase classname="test.Demo4" name="webLoginCarLoan" time="0.001"/>
  <testcase classname="test.Demo4" name="apiLoginCarLoan" time="0.0"/>
  <testcase classname="test.Demo1" name="example2" time="0.0">
    <ignored/>
  </testcase> <!-- example2 -->
  <testcase classname="test.Demo4" name="mobileLoginCarLoan" time="0.0">
    <ignored/>
  </testcase> <!-- mobileLoginCarLoan -->
</testsuite> <!-- personal loan -->
