<?xml version="1.0" encoding="UTF-8"?>
<!-- Generated by org.testng.reporters.JUnitXMLReporter -->
<testsuite ignored="8" hostname="Meghanas-MacBook-Air.local" failures="0" tests="5" name="Regression" time="0.019" errors="0" timestamp="2024-12-16T23:25:43 IST">
  <testcase classname="test.Demo2" name="ploan" time="0.004"/>
  <testcase classname="test.Demo3" name="mobileLoginHomeLoan" time="0.001"/>
  <testcase classname="test.Demo3" name="mobileSigninHomeLoan" time="0.001"/>
  <testcase classname="test.Demo3" name="mobileSigninHomeLoan" time="0.001"/>
  <testcase classname="test.Demo3" name="mobileSigninHomeLoan" time="0.001"/>
  <testcase classname="test.Demo4" name="apiLoginCarLoan" time="0.0">
    <ignored/>
  </testcase> <!-- apiLoginCarLoan -->
  <testcase classname="test.Demo1" name="example1" time="0.0">
    <ignored/>
  </testcase> <!-- example1 -->
  <testcase classname="test.Demo3" name="mobileSignoutHomeLoan" time="0.0">
    <ignored/>
  </testcase> <!-- mobileSignoutHomeLoan -->
  <testcase classname="test.Demo1" name="example2" time="0.0">
    <ignored/>
  </testcase> <!-- example2 -->
  <testcase classname="test.Demo3" name="apiLoginHomeLoan" time="0.0">
    <ignored/>
  </testcase> <!-- apiLoginHomeLoan -->
  <testcase classname="test.Demo3" name="webLoginHomeLoan" time="0.0">
    <ignored/>
  </testcase> <!-- webLoginHomeLoan -->
  <testcase classname="test.Demo4" name="webLoginCarLoan" time="0.0">
    <ignored/>
  </testcase> <!-- webLoginCarLoan -->
  <testcase classname="test.Demo4" name="mobileLoginCarLoan" time="0.0">
    <ignored/>
  </testcase> <!-- mobileLoginCarLoan -->
</testsuite> <!-- Regression -->
