<?xml version="1.0" encoding="UTF-8"?>
<testng-results ignored="3" total="13" passed="10" failed="0" skipped="0">
  <reporter-output>
  </reporter-output>
  <suite started-at="2024-12-22T22:53:15 IST" name="Loan Department" finished-at="2024-12-22T22:53:15 IST" duration-ms="53">
    <groups>
      <group name="Smoke">
        <method signature="Demo2.ploan()[pri:0, instance:test.Demo2@647fd8ce]" name="ploan" class="test.Demo2"/>
        <method signature="Demo3.mobileLoginHomeLoan()[pri:0, instance:test.Demo3@70e8f8e]" name="mobileLoginHomeLoan" class="test.Demo3"/>
        <method signature="Demo3.mobileSigninHomeLoan(java.lang.String,java.lang.String)[pri:0, instance:test.Demo3@70e8f8e]" name="mobileSigninHomeLoan" class="test.Demo3"/>
      </group> <!-- Smoke -->
    </groups>
    <test started-at="2024-12-22T22:53:15 IST" name="personal loan" finished-at="2024-12-22T22:53:15 IST" duration-ms="16">
      <class name="test.Demo4">
        <test-method is-config="true" signature="beforecarloan()[pri:0, instance:test.Demo4@5dd6264]" started-at="2024-12-22T22:53:15 IST" name="beforecarloan" finished-at="2024-12-22T22:53:15 IST" duration-ms="0" status="PASS">
          <reporter-output>
          </reporter-output>
        </test-method> <!-- beforecarloan -->
        <test-method signature="webLoginCarLoan(java.lang.String)[pri:0, instance:test.Demo4@5dd6264]" started-at="2024-12-22T22:53:15 IST" name="webLoginCarLoan" finished-at="2024-12-22T22:53:15 IST" duration-ms="1" status="PASS">
          <params>
            <param index="0">
              <value>
                <![CDATA[https://carloan.com]]>
              </value>
            </param>
          </params>
          <reporter-output>
          </reporter-output>
        </test-method> <!-- webLoginCarLoan -->
        <test-method signature="apiLoginCarLoan()[pri:0, instance:test.Demo4@5dd6264]" started-at="2024-12-22T22:53:15 IST" name="apiLoginCarLoan" finished-at="2024-12-22T22:53:15 IST" depends-on-methods="test.Demo4.webLoginCarLoan" duration-ms="0" status="PASS">
          <reporter-output>
          </reporter-output>
        </test-method> <!-- apiLoginCarLoan -->
      </class> <!-- test.Demo4 -->
      <class name="test.Demo2">
        <test-method is-config="true" signature="prerequiste()[pri:0, instance:test.Demo2@647fd8ce]" started-at="2024-12-22T22:53:15 IST" name="prerequiste" finished-at="2024-12-22T22:53:15 IST" duration-ms="1" status="PASS">
          <reporter-output>
          </reporter-output>
        </test-method> <!-- prerequiste -->
        <test-method signature="ploan()[pri:0, instance:test.Demo2@647fd8ce]" started-at="2024-12-22T22:53:15 IST" name="ploan" finished-at="2024-12-22T22:53:15 IST" duration-ms="1" status="PASS">
          <reporter-output>
          </reporter-output>
        </test-method> <!-- ploan -->
      </class> <!-- test.Demo2 -->
      <class name="test.Demo1">
        <test-method signature="example1()[pri:0, instance:test.Demo1@2bbf180e]" started-at="2024-12-22T22:53:15 IST" name="example1" finished-at="2024-12-22T22:53:15 IST" duration-ms="3" status="PASS">
          <reporter-output>
          </reporter-output>
        </test-method> <!-- example1 -->
        <test-method is-config="true" signature="lastexecution()[pri:0, instance:test.Demo1@2bbf180e]" started-at="2024-12-22T22:53:15 IST" name="lastexecution" finished-at="2024-12-22T22:53:15 IST" duration-ms="1" status="PASS">
          <reporter-output>
          </reporter-output>
        </test-method> <!-- lastexecution -->
      </class> <!-- test.Demo1 -->
    </test> <!-- personal loan -->
    <test started-at="2024-12-22T22:53:15 IST" name="car Loan" finished-at="2024-12-22T22:53:15 IST" duration-ms="10">
      <class name="test.Demo3">
        <test-method is-config="true" signature="Bfsuite()[pri:0, instance:test.Demo3@70e8f8e]" started-at="2024-12-22T22:53:15 IST" name="Bfsuite" finished-at="2024-12-22T22:53:15 IST" duration-ms="2" status="PASS">
          <reporter-output>
          </reporter-output>
        </test-method> <!-- Bfsuite -->
        <test-method is-config="true" signature="prerequisteHOMELOAN()[pri:0, instance:test.Demo3@70e8f8e]" started-at="2024-12-22T22:53:15 IST" name="prerequisteHOMELOAN" finished-at="2024-12-22T22:53:15 IST" duration-ms="0" status="PASS">
          <reporter-output>
          </reporter-output>
        </test-method> <!-- prerequisteHOMELOAN -->
        <test-method is-config="true" signature="beforeClassinvoke()[pri:0, instance:test.Demo3@70e8f8e]" started-at="2024-12-22T22:53:15 IST" name="beforeClassinvoke" finished-at="2024-12-22T22:53:15 IST" duration-ms="0" status="PASS">
          <reporter-output>
          </reporter-output>
        </test-method> <!-- beforeClassinvoke -->
        <test-method signature="mobileLoginHomeLoan()[pri:0, instance:test.Demo3@70e8f8e]" started-at="2024-12-22T22:53:15 IST" name="mobileLoginHomeLoan" finished-at="2024-12-22T22:53:15 IST" duration-ms="0" status="PASS">
          <reporter-output>
          </reporter-output>
        </test-method> <!-- mobileLoginHomeLoan -->
        <test-method is-config="true" signature="beforeeveryMethod()[pri:0, instance:test.Demo3@70e8f8e]" started-at="2024-12-22T22:53:15 IST" name="beforeeveryMethod" finished-at="2024-12-22T22:53:15 IST" duration-ms="0" status="PASS">
          <reporter-output>
          </reporter-output>
        </test-method> <!-- beforeeveryMethod -->
        <test-method is-config="true" signature="beforeeveryMethod()[pri:0, instance:test.Demo3@70e8f8e]" started-at="2024-12-22T22:53:15 IST" name="beforeeveryMethod" finished-at="2024-12-22T22:53:15 IST" duration-ms="1" status="PASS">
          <reporter-output>
          </reporter-output>
        </test-method> <!-- beforeeveryMethod -->
        <test-method is-config="true" signature="aftereveryMethod()[pri:0, instance:test.Demo3@70e8f8e]" started-at="2024-12-22T22:53:15 IST" name="aftereveryMethod" finished-at="2024-12-22T22:53:15 IST" duration-ms="0" status="PASS">
          <reporter-output>
          </reporter-output>
        </test-method> <!-- aftereveryMethod -->
        <test-method signature="mobileSigninHomeLoan(java.lang.String,java.lang.String)[pri:0, instance:test.Demo3@70e8f8e]" started-at="2024-12-22T22:53:15 IST" name="mobileSigninHomeLoan" data-provider="getData" finished-at="2024-12-22T22:53:15 IST" duration-ms="1" status="PASS">
          <params>
            <param index="0">
              <value>
                <![CDATA[firstsetusername]]>
              </value>
            </param>
            <param index="1">
              <value>
                <![CDATA[firstsetpassword]]>
              </value>
            </param>
          </params>
          <reporter-output>
          </reporter-output>
        </test-method> <!-- mobileSigninHomeLoan -->
        <test-method is-config="true" signature="aftereveryMethod()[pri:0, instance:test.Demo3@70e8f8e]" started-at="2024-12-22T22:53:15 IST" name="aftereveryMethod" finished-at="2024-12-22T22:53:15 IST" duration-ms="1" status="PASS">
          <reporter-output>
          </reporter-output>
        </test-method> <!-- aftereveryMethod -->
        <test-method signature="mobileSigninHomeLoan(java.lang.String,java.lang.String)[pri:0, instance:test.Demo3@70e8f8e]" started-at="2024-12-22T22:53:15 IST" name="mobileSigninHomeLoan" data-provider="getData" finished-at="2024-12-22T22:53:15 IST" duration-ms="0" status="PASS">
          <params>
            <param index="0">
              <value>
                <![CDATA[secondsetusername]]>
              </value>
            </param>
            <param index="1">
              <value>
                <![CDATA[secondsetpassword]]>
              </value>
            </param>
          </params>
          <reporter-output>
          </reporter-output>
        </test-method> <!-- mobileSigninHomeLoan -->
        <test-method is-config="true" signature="beforeeveryMethod()[pri:0, instance:test.Demo3@70e8f8e]" started-at="2024-12-22T22:53:15 IST" name="beforeeveryMethod" finished-at="2024-12-22T22:53:15 IST" duration-ms="0" status="PASS">
          <reporter-output>
          </reporter-output>
        </test-method> <!-- beforeeveryMethod -->
        <test-method is-config="true" signature="beforeeveryMethod()[pri:0, instance:test.Demo3@70e8f8e]" started-at="2024-12-22T22:53:15 IST" name="beforeeveryMethod" finished-at="2024-12-22T22:53:15 IST" duration-ms="0" status="PASS">
          <reporter-output>
          </reporter-output>
        </test-method> <!-- beforeeveryMethod -->
        <test-method is-config="true" signature="aftereveryMethod()[pri:0, instance:test.Demo3@70e8f8e]" started-at="2024-12-22T22:53:15 IST" name="aftereveryMethod" finished-at="2024-12-22T22:53:15 IST" duration-ms="0" status="PASS">
          <reporter-output>
          </reporter-output>
        </test-method> <!-- aftereveryMethod -->
        <test-method signature="mobileSigninHomeLoan(java.lang.String,java.lang.String)[pri:0, instance:test.Demo3@70e8f8e]" started-at="2024-12-22T22:53:15 IST" name="mobileSigninHomeLoan" data-provider="getData" finished-at="2024-12-22T22:53:15 IST" duration-ms="1" status="PASS">
          <params>
            <param index="0">
              <value>
                <![CDATA[thirdsetusername]]>
              </value>
            </param>
            <param index="1">
              <value>
                <![CDATA[thirdsetpassword]]>
              </value>
            </param>
          </params>
          <reporter-output>
          </reporter-output>
        </test-method> <!-- mobileSigninHomeLoan -->
        <test-method signature="mobileSignoutHomeLoan()[pri:0, instance:test.Demo3@70e8f8e]" started-at="2024-12-22T22:53:15 IST" name="mobileSignoutHomeLoan" finished-at="2024-12-22T22:53:15 IST" duration-ms="2" status="PASS">
          <reporter-output>
          </reporter-output>
        </test-method> <!-- mobileSignoutHomeLoan -->
        <test-method is-config="true" signature="beforeeveryMethod()[pri:0, instance:test.Demo3@70e8f8e]" started-at="2024-12-22T22:53:15 IST" name="beforeeveryMethod" finished-at="2024-12-22T22:53:15 IST" duration-ms="0" status="PASS">
          <reporter-output>
          </reporter-output>
        </test-method> <!-- beforeeveryMethod -->
        <test-method is-config="true" signature="aftereveryMethod()[pri:0, instance:test.Demo3@70e8f8e]" started-at="2024-12-22T22:53:15 IST" name="aftereveryMethod" finished-at="2024-12-22T22:53:15 IST" duration-ms="0" status="PASS">
          <reporter-output>
          </reporter-output>
        </test-method> <!-- aftereveryMethod -->
        <test-method is-config="true" signature="aftereveryMethod()[pri:0, instance:test.Demo3@70e8f8e]" started-at="2024-12-22T22:53:15 IST" name="aftereveryMethod" finished-at="2024-12-22T22:53:15 IST" duration-ms="1" status="PASS">
          <reporter-output>
          </reporter-output>
        </test-method> <!-- aftereveryMethod -->
        <test-method is-config="true" signature="beforeeveryMethod()[pri:0, instance:test.Demo3@70e8f8e]" started-at="2024-12-22T22:53:15 IST" name="beforeeveryMethod" finished-at="2024-12-22T22:53:15 IST" duration-ms="0" status="PASS">
          <reporter-output>
          </reporter-output>
        </test-method> <!-- beforeeveryMethod -->
        <test-method is-config="true" signature="aftereveryMethod()[pri:0, instance:test.Demo3@70e8f8e]" started-at="2024-12-22T22:53:15 IST" name="aftereveryMethod" finished-at="2024-12-22T22:53:15 IST" duration-ms="0" status="PASS">
          <reporter-output>
          </reporter-output>
        </test-method> <!-- aftereveryMethod -->
        <test-method signature="webLoginHomeLoan(java.lang.String,java.lang.String)[pri:0, instance:test.Demo3@70e8f8e]" started-at="2024-12-22T22:53:15 IST" name="webLoginHomeLoan" finished-at="2024-12-22T22:53:15 IST" duration-ms="0" status="PASS">
          <params>
            <param index="0">
              <value>
                <![CDATA[https://personalloan.com]]>
              </value>
            </param>
            <param index="1">
              <value>
                <![CDATA[MEGHANA12345]]>
              </value>
            </param>
          </params>
          <reporter-output>
          </reporter-output>
        </test-method> <!-- webLoginHomeLoan -->
        <test-method is-config="true" signature="afterClassinvoke()[pri:0, instance:test.Demo3@70e8f8e]" started-at="2024-12-22T22:53:15 IST" name="afterClassinvoke" finished-at="2024-12-22T22:53:15 IST" duration-ms="0" status="PASS">
          <reporter-output>
          </reporter-output>
        </test-method> <!-- afterClassinvoke -->
      </class> <!-- test.Demo3 -->
      <class name="test.Demo1">
        <test-method is-config="true" signature="Afsuite()[pri:0, instance:test.Demo1@2bbf180e]" started-at="2024-12-22T22:53:15 IST" name="Afsuite" finished-at="2024-12-22T22:53:15 IST" duration-ms="0" status="PASS">
          <reporter-output>
          </reporter-output>
        </test-method> <!-- Afsuite -->
      </class> <!-- test.Demo1 -->
    </test> <!-- car Loan -->
  </suite> <!-- Loan Department -->
</testng-results>
